C:\USERS\DELL\DOCUMENTS\VISUAL STUDIO 2010\PROJECTS\C PROGRAMS\C PROGRAMS\DEBUG\ADDITION.OBJ
c:\Users\DELL\documents\visual studio 2010\Projects\c programs\c programs\Debug\c programs.exe.embed.manifest
C:\USERS\DELL\DOCUMENTS\VISUAL STUDIO 2010\PROJECTS\C PROGRAMS\C PROGRAMS\DEBUG\C PROGRAMS.EXE.EMBED.MANIFEST.RES
c:\Users\DELL\documents\visual studio 2010\Projects\c programs\c programs\Debug\c programs.exe.intermediate.manifest
c:\Users\DELL\documents\visual studio 2010\Projects\c programs\c programs\Debug\c programs.write.1.tlog
c:\Users\DELL\documents\visual studio 2010\Projects\c programs\c programs\Debug\c programs_manifest.rc
c:\Users\DELL\documents\visual studio 2010\Projects\c programs\c programs\Debug\cl.command.1.tlog
c:\Users\DELL\documents\visual studio 2010\Projects\c programs\c programs\Debug\CL.read.1.tlog
c:\Users\DELL\documents\visual studio 2010\Projects\c programs\c programs\Debug\CL.write.1.tlog
C:\USERS\DELL\DOCUMENTS\VISUAL STUDIO 2010\PROJECTS\C PROGRAMS\C PROGRAMS\DEBUG\HELLO.OBJ
c:\Users\DELL\documents\visual studio 2010\Projects\c programs\c programs\Debug\link.command.1.tlog
c:\Users\DELL\documents\visual studio 2010\Projects\c programs\c programs\Debug\link.read.1.tlog
c:\Users\DELL\documents\visual studio 2010\Projects\c programs\c programs\Debug\link.write.1.tlog
c:\Users\DELL\documents\visual studio 2010\Projects\c programs\c programs\Debug\link-cvtres.read.1.tlog
c:\Users\DELL\documents\visual studio 2010\Projects\c programs\c programs\Debug\link-cvtres.write.1.tlog
c:\Users\DELL\documents\visual studio 2010\Projects\c programs\c programs\Debug\rc.command.1.tlog
c:\Users\DELL\documents\visual studio 2010\Projects\c programs\c programs\Debug\rc.read.1.tlog
c:\Users\DELL\documents\visual studio 2010\Projects\c programs\c programs\Debug\rc.write.1.tlog
C:\USERS\DELL\DOCUMENTS\VISUAL STUDIO 2010\PROJECTS\C PROGRAMS\C PROGRAMS\DEBUG\SUM.OBJ
c:\Users\DELL\documents\visual studio 2010\Projects\c programs\c programs\Debug\vc100.idb
C:\USERS\DELL\DOCUMENTS\VISUAL STUDIO 2010\PROJECTS\C PROGRAMS\C PROGRAMS\DEBUG\VC100.PDB
c:\users\dell\documents\visual studio 2010\Projects\c programs\Debug\c programs.pdb
